[15:55:23] [main/INFO]: Environment: authHost='https://authserver.mojang.com', accountsHost='https://api.mojang.com', sessionHost='https://sessionserver.mojang.com', servicesHost='https://api.minecraftservices.com', name='PROD'
[15:55:24] [main/WARN]: Ambiguity between arguments [teleport, destination] and [teleport, targets] with inputs: [Player, 0123, @e, dd12be42-52a9-4a91-a8a1-11c01849e498]
[15:55:24] [main/WARN]: Ambiguity between arguments [teleport, location] and [teleport, destination] with inputs: [0.1 -0.5 .9, 0 0 0]
[15:55:24] [main/WARN]: Ambiguity between arguments [teleport, location] and [teleport, targets] with inputs: [0.1 -0.5 .9, 0 0 0]
[15:55:24] [main/WARN]: Ambiguity between arguments [teleport, targets] and [teleport, destination] with inputs: [Player, 0123, dd12be42-52a9-4a91-a8a1-11c01849e498]
[15:55:24] [main/WARN]: Ambiguity between arguments [teleport, targets, location] and [teleport, targets, destination] with inputs: [0.1 -0.5 .9, 0 0 0]
[15:55:24] [main/INFO]: Reloading ResourceManager: Default
[15:55:25] [Worker-Main-5/INFO]: Loaded 7 recipes
[15:55:25] [Worker-Main-5/INFO]: Loaded 927 advancements
[15:55:27] [Server thread/INFO]: Starting minecraft server version 1.16.5
[15:55:27] [Server thread/INFO]: Loading properties
[15:55:27] [Server thread/INFO]: Default game type: SURVIVAL
[15:55:27] [Server thread/INFO]: Generating keypair
[15:55:27] [Server console handler/ERROR]: Exception handling console input
java.io.IOException: Controlador no válido
	at java.io.FileInputStream.readBytes(Native Method) ~[?:1.8.0_281]
	at java.io.FileInputStream.read(Unknown Source) ~[?:1.8.0_281]
	at java.io.BufferedInputStream.read1(Unknown Source) ~[?:1.8.0_281]
	at java.io.BufferedInputStream.read(Unknown Source) ~[?:1.8.0_281]
	at sun.nio.cs.StreamDecoder.readBytes(Unknown Source) ~[?:1.8.0_281]
	at sun.nio.cs.StreamDecoder.implRead(Unknown Source) ~[?:1.8.0_281]
	at sun.nio.cs.StreamDecoder.read(Unknown Source) ~[?:1.8.0_281]
	at java.io.InputStreamReader.read(Unknown Source) ~[?:1.8.0_281]
	at java.io.BufferedReader.fill(Unknown Source) ~[?:1.8.0_281]
	at java.io.BufferedReader.readLine(Unknown Source) ~[?:1.8.0_281]
	at java.io.BufferedReader.readLine(Unknown Source) ~[?:1.8.0_281]
	at zg$1.run(SourceFile:95) [server.jar:?]
[15:55:28] [Server thread/INFO]: Starting Minecraft server on *:25565
[15:55:28] [Server thread/INFO]: Using default channel type
[15:55:31] [Server thread/WARN]: **** SERVER IS RUNNING IN OFFLINE/INSECURE MODE!
[15:55:31] [Server thread/WARN]: The server will make no attempt to authenticate usernames. Beware.
[15:55:31] [Server thread/WARN]: While this makes the game possible to play without internet access, it also opens up the ability for hackers to connect with any username they choose.
[15:55:31] [Server thread/WARN]: To change this, set "online-mode" to "true" in the server.properties file.
[15:55:31] [Server thread/INFO]: Preparing level "world"
[15:55:31] [Server thread/INFO]: Preparing start region for dimension minecraft:overworld
[15:55:33] [Server thread/INFO]: Preparing spawn area: 0%
[15:55:33] [Server thread/INFO]: Preparing spawn area: 0%
[15:55:33] [Server thread/INFO]: Preparing spawn area: 0%
[15:55:33] [Server thread/INFO]: Preparing spawn area: 0%
[15:55:33] [Server thread/INFO]: Preparing spawn area: 0%
[15:55:37] [Server thread/INFO]: Time elapsed: 5259 ms
[15:55:37] [Server thread/INFO]: Done (5.398s)! For help, type "help"
[15:55:40] [Server thread/WARN]: Can't keep up! Is the server overloaded? Running 2027ms or 40 ticks behind
[15:56:25] [Server thread/INFO]: victorConHache[/127.0.0.1:51826] logged in with entity id 437 at (211.70415264581953, 74.0, -158.9747354133696)
[15:56:25] [Server thread/INFO]: victorConHache joined the game
[15:56:27] [Server thread/WARN]: Can't keep up! Is the server overloaded? Running 2097ms or 41 ticks behind
[15:59:28] [Server thread/INFO]: brandonConN[/192.168.1.4:58003] logged in with entity id 694 at (219.3551755403444, 66.0, -168.07811838061306)
[15:59:28] [Server thread/INFO]: brandonConN joined the game
[16:08:34] [Server thread/INFO]: brandonConN lost connection: Disconnected
[16:08:34] [Server thread/INFO]: brandonConN left the game
[16:09:44] [Server thread/INFO]: brandonConN[/192.168.1.4:58114] logged in with entity id 2537 at (258.54634721282775, 63.0, 68.14772024659673)
[16:09:44] [Server thread/INFO]: brandonConN joined the game
[16:19:28] [Server thread/INFO]: FuegoEmputado[/192.168.1.10:50115] logged in with entity id 4995 at (217.14507897591636, 70.0, -175.73932765682486)
[16:19:28] [Server thread/INFO]: FuegoEmputado joined the game
[16:20:37] [Server thread/WARN]: Mismatch in destroy block pos: fx{x=258, y=65, z=488} fx{x=258, y=64, z=487}
[16:20:37] [Server thread/WARN]: Mismatch in destroy block pos: fx{x=258, y=65, z=488} fx{x=258, y=64, z=487}
[16:20:37] [Server thread/WARN]: Mismatch in destroy block pos: fx{x=258, y=65, z=488} fx{x=258, y=64, z=487}
[16:20:37] [Server thread/WARN]: Mismatch in destroy block pos: fx{x=258, y=65, z=488} fx{x=258, y=64, z=487}
[16:21:35] [Server thread/INFO]: Kusems[/192.168.1.12:49624] logged in with entity id 5741 at (255.5, 71.0, -227.5)
[16:21:35] [Server thread/INFO]: Kusems joined the game
[16:23:15] [Server thread/INFO]: Kusems lost connection: Disconnected
[16:23:15] [Server thread/INFO]: Kusems left the game
[16:24:42] [Server thread/INFO]: Kusems[/192.168.1.12:49661] logged in with entity id 6955 at (247.18959409556135, 71.0, -227.3813094105167)
[16:24:42] [Server thread/INFO]: Kusems joined the game
[16:28:19] [Server thread/INFO]: Kusems lost connection: Disconnected
[16:28:19] [Server thread/INFO]: Kusems left the game
[16:28:28] [Server thread/INFO]: Kusems[/192.168.1.12:49691] logged in with entity id 7867 at (261.8112178975758, 64.0, -173.44790367385482)
[16:28:28] [Server thread/INFO]: Kusems joined the game
[16:30:17] [Server thread/WARN]: Kusems moved too quickly! -7.2335419053834755,7.0,0.214209312729281
[16:33:38] [Server thread/WARN]: Kusems moved too quickly! 5.251539245082483,1.0,8.655141413459432
[16:36:44] [Server thread/INFO]: Kusems lost connection: Disconnected
[16:36:44] [Server thread/INFO]: Kusems left the game
[16:39:49] [Server thread/INFO]: FuegoEmputado lost connection: Disconnected
[16:39:49] [Server thread/INFO]: FuegoEmputado left the game
[16:52:50] [Server thread/INFO]: brandonConN lost connection: Disconnected
[16:52:50] [Server thread/INFO]: brandonConN left the game
[16:58:56] [Server thread/INFO]: victorConHache lost connection: Disconnected
[16:58:56] [Server thread/INFO]: victorConHache left the game
[16:59:06] [Server thread/INFO]: Stopping server
[16:59:06] [Server thread/INFO]: Saving players
[16:59:06] [Server thread/INFO]: Saving worlds
[16:59:06] [Server thread/INFO]: Saving chunks for level 'ServerLevel[world]'/minecraft:overworld
[16:59:06] [Server thread/INFO]: ThreadedAnvilChunkStorage (world): All chunks are saved
[16:59:06] [Server thread/INFO]: Saving chunks for level 'ServerLevel[world]'/minecraft:the_nether
[16:59:06] [Server thread/INFO]: ThreadedAnvilChunkStorage (DIM-1): All chunks are saved
[16:59:06] [Server thread/INFO]: Saving chunks for level 'ServerLevel[world]'/minecraft:the_end
[16:59:06] [Server thread/INFO]: ThreadedAnvilChunkStorage (DIM1): All chunks are saved
[16:59:06] [Server thread/INFO]: ThreadedAnvilChunkStorage (world): All chunks are saved
[16:59:06] [Server thread/INFO]: ThreadedAnvilChunkStorage (DIM-1): All chunks are saved
[16:59:06] [Server thread/INFO]: ThreadedAnvilChunkStorage (DIM1): All chunks are saved
